This file contains any messages produced by compilers while
running configure, to aid debugging if configure makes a mistake.

It was created by Giella moh configure 0.1, which was
generated by GNU Autoconf 2.69.  Invocation command line was

  $ ./configure --with-foma --without-xfst

## --------- ##
## Platform. ##
## --------- ##

hostname = VicAdmins-MacBook-Pro.local
uname -m = x86_64
uname -r = 16.7.0
uname -s = Darwin
uname -v = Darwin Kernel Version 16.7.0: Mon Nov 13 21:56:25 PST 2017; root:xnu-3789.72.11~1/RELEASE_X86_64

/usr/bin/uname -p = i386
/bin/uname -X     = unknown

/bin/arch              = unknown
/usr/bin/arch -k       = unknown
/usr/convex/getsysinfo = unknown
/usr/bin/hostinfo      = Mach kernel version:
	 Darwin Kernel Version 16.7.0: Mon Nov 13 21:56:25 PST 2017; root:xnu-3789.72.11~1/RELEASE_X86_64
Kernel configured for up to 8 processors.
4 processors are physically available.
8 processors are logically available.
Processor type: x86_64h (Intel x86-64h Haswell)
Processors active: 0 1 2 3 4 5 6 7
Primary memory available: 16.00 gigabytes
Default processor set: 335 tasks, 1632 threads, 8 processors
Load average: 1.92, Mach factor: 6.07
/bin/machine           = unknown
/usr/bin/oslevel       = unknown
/bin/universe          = unknown

PATH: /Users/kazantsevaa/anaconda/envs/python2/bin
PATH: /Users/kazantsevaa/Software/giella/giella-core/scripts
PATH: /Users/kazantsevaa/Software/giella/gt/script/corpus
PATH: /Users/kazantsevaa/Software/giella/gt/script
PATH: /Users/kazantsevaa/bin
PATH: /Users/kazantsevaa/Library/Python/2.7/bin
PATH: /Users/kazantsevaa/.local/bin
PATH: /usr/local/bin
PATH: /opt/local/Library/Frameworks/Python.framework/Versions/2.7/bin
PATH: /opt/local/bin
PATH: /opt/local/sbin
PATH: /Users/kazantsevaa/anaconda/bin
PATH: /usr/local/bin
PATH: /usr/local/sbin
PATH: /Users/kazantsevaa/Software/hfst/bin
PATH: /Users/kazantsevaa/Software/xfst/bin
PATH: /usr/local/bin
PATH: /usr/bin
PATH: /bin
PATH: /usr/sbin
PATH: /sbin
PATH: /opt/X11/bin
PATH: /Users/kazantsevaa/.rvm/bin


## ----------- ##
## Core tests. ##
## ----------- ##

configure:2119: checking for a BSD-compatible install
configure:2187: result: /usr/bin/install -c
configure:2198: checking whether build environment is sane
configure:2253: result: yes
configure:2404: checking for a thread-safe mkdir -p
configure:2443: result: build-aux/install-sh -c -d
configure:2450: checking for gawk
configure:2466: found /opt/local/bin/gawk
configure:2477: result: gawk
configure:2488: checking whether make sets $(MAKE)
configure:2510: result: yes
configure:2539: checking whether make supports nested variables
configure:2556: result: yes
configure:2635: checking how to create a pax tar archive
configure:2646: tar --version
bsdtar 2.8.3 - libarchive 2.8.3
configure:2649: $? = 0
configure:2689: tardir=conftest.dir && eval tar --format=posix -chf - "$tardir" >conftest.tar
configure:2692: $? = 0
configure:2696: tar -xf - <conftest.tar
configure:2699: $? = 0
configure:2701: cat conftest.dir/file
GrepMe
configure:2704: $? = 0
configure:2717: result: gnutar
configure:2778: checking whether make supports nested variables
configure:2795: result: yes
configure:2914: checking build system type
configure:2928: result: x86_64-apple-darwin16.7.0
configure:2948: checking host system type
configure:2961: result: x86_64-apple-darwin16.7.0
configure:2997: checking for gt-core.sh
configure:3015: found /Users/kazantsevaa/Software/giella/giella-core/scripts/gt-core.sh
configure:3028: result: /Users/kazantsevaa/Software/giella/giella-core/scripts/gt-core.sh
configure:3074: checking whether we can set GIELLA_CORE
configure:3145: result: /Users/kazantsevaa/Software/giella/giella-core
configure:3178: checking for gt-version.sh
configure:3196: found /Users/kazantsevaa/Software/giella/giella-core/scripts/gt-version.sh
configure:3209: result: /Users/kazantsevaa/Software/giella/giella-core/scripts/gt-version.sh
configure:3217: checking the version of the Giella Core
configure:3225: result: 0.3.1-162313
configure:3228: checking whether the Giella Core version is at least 0.3.0
configure:3268: result: yes
configure:3291: checking whether we can set GIELLA_SHARED
configure:3348: result: /Users/kazantsevaa/Software/giella/giella-shared
configure:3376: checking the version of Giella Shared
configure:3406: result: 0.1.2
configure:3409: checking whether the version of Giella Shared is at least 0.1.2
configure:3449: result: yes
configure:3540: checking whether we can set GIELLA_LIBS
configure:3581: result: /Users/kazantsevaa/Software/giella/giella-libs
configure:3594: checking for bc
configure:3612: found /usr/bin/bc
configure:3625: result: /usr/bin/bc
configure:3679: checking for a Python interpreter with version >= 3.5
configure:3696: python -c import sys # split strings by '.' and convert to numeric. Append some zeros # because we need at least 4 digits for the hex conversion. # map returns an iterator in Python 3.0 and a list in 2.x minver = list(map(int, '3.5'.split('.'))) + [0, 0, 0] minverhex = 0 # xrange is not present in Python 3.0 and range returns an iterator for i in list(range(0, 4)): minverhex = (minverhex << 8) + minver[i] sys.exit(sys.hexversion < minverhex)
configure:3699: $? = 1
configure:3696: python2 -c import sys # split strings by '.' and convert to numeric. Append some zeros # because we need at least 4 digits for the hex conversion. # map returns an iterator in Python 3.0 and a list in 2.x minver = list(map(int, '3.5'.split('.'))) + [0, 0, 0] minverhex = 0 # xrange is not present in Python 3.0 and range returns an iterator for i in list(range(0, 4)): minverhex = (minverhex << 8) + minver[i] sys.exit(sys.hexversion < minverhex)
configure:3699: $? = 1
configure:3696: python3 -c import sys # split strings by '.' and convert to numeric. Append some zeros # because we need at least 4 digits for the hex conversion. # map returns an iterator in Python 3.0 and a list in 2.x minver = list(map(int, '3.5'.split('.'))) + [0, 0, 0] minverhex = 0 # xrange is not present in Python 3.0 and range returns an iterator for i in list(range(0, 4)): minverhex = (minverhex << 8) + minver[i] sys.exit(sys.hexversion < minverhex)
configure:3699: $? = 0
configure:3705: result: python3
configure:3713: checking for python3
configure:3731: found /opt/local/bin/python3
configure:3743: result: /opt/local/bin/python3
configure:3761: checking for python3 version
configure:3768: result: 3.5
configure:3780: checking for python3 platform
configure:3787: result: darwin
configure:3813: checking for python3 script directory
configure:3848: result: ${prefix}/lib/python3.5/site-packages
configure:3857: checking for python3 extension module directory
configure:3892: result: ${exec_prefix}/lib/python3.5/site-packages
configure:3911: checking python3 module: yaml
configure:3916: result: yes
configure:3931: checking whether to enable yaml-based test
configure:3949: result: yes
configure:3966: checking for awk that supports gensub
configure:3999: result: /opt/local/bin/gawk
configure:4007: checking for forrest
configure:4040: result: no
configure:4045: checking whether we can enable in-source documentation building
configure:4064: result: no
configure:4078: checking for rsync
configure:4096: found /usr/bin/rsync
configure:4109: result: /usr/bin/rsync
configure:4119: checking for wget
configure:4137: found /opt/local/bin/wget
configure:4150: result: /opt/local/bin/wget
configure:4194: checking for opendiff
configure:4212: found /usr/bin/opendiff
configure:4224: result: /usr/bin/opendiff
configure:4412: checking for see
configure:4445: result: no
configure:4454: checking for divvun-validate-suggest
configure:4485: result: no
configure:4507: checking for printf
configure:4525: found /usr/bin/printf
configure:4538: result: /usr/bin/printf
configure:4548: checking for xfst
configure:4566: found /Users/kazantsevaa/Software/xfst/bin/xfst
configure:4579: result: /Users/kazantsevaa/Software/xfst/bin/xfst
configure:4589: checking for twolc
configure:4607: found /Users/kazantsevaa/Software/xfst/bin/twolc
configure:4620: result: /Users/kazantsevaa/Software/xfst/bin/twolc
configure:4630: checking for lexc
configure:4648: found /Users/kazantsevaa/Software/xfst/bin/lexc
configure:4661: result: /Users/kazantsevaa/Software/xfst/bin/lexc
configure:4671: checking for lookup
configure:4689: found /Users/kazantsevaa/Software/xfst/bin/lookup
configure:4702: result: /Users/kazantsevaa/Software/xfst/bin/lookup
configure:4710: checking whether to enable xfst building
configure:4726: result: no
configure:4761: checking for printf
configure:4792: result: /usr/bin/printf
configure:4802: checking for foma
configure:4820: found /usr/local/bin/foma
configure:4833: result: /usr/local/bin/foma
configure:4843: checking for flookup
configure:4861: found /usr/local/bin/flookup
configure:4874: result: /usr/local/bin/flookup
configure:4884: checking for cgflookup
configure:4902: found /usr/local/bin/cgflookup
configure:4915: result: /usr/local/bin/cgflookup
configure:4923: checking whether to enable foma building
configure:4938: result: yes
configure:4996: checking for hfst-compose
configure:5014: found /usr/local/bin/hfst-compose
configure:5027: result: /usr/local/bin/hfst-compose
configure:5037: checking for hfst-compose-intersect
configure:5055: found /usr/local/bin/hfst-compose-intersect
configure:5068: result: /usr/local/bin/hfst-compose-intersect
configure:5078: checking for hfst-concatenate
configure:5096: found /usr/local/bin/hfst-concatenate
configure:5109: result: /usr/local/bin/hfst-concatenate
configure:5119: checking for hfst-conjunct
configure:5137: found /usr/local/bin/hfst-conjunct
configure:5150: result: /usr/local/bin/hfst-conjunct
configure:5160: checking for hfst-determinize
configure:5178: found /usr/local/bin/hfst-determinize
configure:5191: result: /usr/local/bin/hfst-determinize
configure:5201: checking for hfst-disjunct
configure:5219: found /usr/local/bin/hfst-disjunct
configure:5232: result: /usr/local/bin/hfst-disjunct
configure:5242: checking for hfst-foma
configure:5273: result: false
configure:5283: checking for hfst-fst2fst
configure:5301: found /usr/local/bin/hfst-fst2fst
configure:5314: result: /usr/local/bin/hfst-fst2fst
configure:5324: checking for hfst-fst2strings
configure:5342: found /usr/local/bin/hfst-fst2strings
configure:5355: result: /usr/local/bin/hfst-fst2strings
configure:5365: checking for hfst-fst2txt
configure:5383: found /usr/local/bin/hfst-fst2txt
configure:5396: result: /usr/local/bin/hfst-fst2txt
configure:5406: checking for hfst-info
configure:5424: found /usr/local/bin/hfst-info
configure:5437: result: /usr/local/bin/hfst-info
configure:5447: checking for hfst-intersect
configure:5465: found /usr/local/bin/hfst-intersect
configure:5478: result: /usr/local/bin/hfst-intersect
configure:5488: checking for hfst-invert
configure:5506: found /usr/local/bin/hfst-invert
configure:5519: result: /usr/local/bin/hfst-invert
configure:5529: checking for hfst-lexc
configure:5547: found /usr/local/bin/hfst-lexc
configure:5560: result: /usr/local/bin/hfst-lexc
configure:5570: checking for hfst-lookup
configure:5588: found /usr/local/bin/hfst-lookup
configure:5601: result: /usr/local/bin/hfst-lookup
configure:5611: checking for hfst-minimize
configure:5629: found /usr/local/bin/hfst-minimize
configure:5642: result: /usr/local/bin/hfst-minimize
configure:5652: checking for hfst-minus
configure:5670: found /usr/local/bin/hfst-minus
configure:5683: result: /usr/local/bin/hfst-minus
configure:5693: checking for hfst-multiply
configure:5711: found /usr/local/bin/hfst-multiply
configure:5724: result: /usr/local/bin/hfst-multiply
configure:5734: checking for hfst-name
configure:5752: found /usr/local/bin/hfst-name
configure:5765: result: /usr/local/bin/hfst-name
configure:5775: checking for hfst-optimized-lookup
configure:5793: found /usr/local/bin/hfst-optimized-lookup
configure:5806: result: /usr/local/bin/hfst-optimized-lookup
configure:5816: checking for hfst-pair-test
configure:5834: found /usr/local/bin/hfst-pair-test
configure:5847: result: /usr/local/bin/hfst-pair-test
configure:5857: checking for hfst-proc
configure:5875: found /usr/local/bin/hfst-proc
configure:5888: result: /usr/local/bin/hfst-proc
configure:5898: checking for hfst-pmatch2fst
configure:5916: found /usr/local/bin/hfst-pmatch2fst
configure:5929: result: /usr/local/bin/hfst-pmatch2fst
configure:5939: checking for hfst-project
configure:5957: found /usr/local/bin/hfst-project
configure:5970: result: /usr/local/bin/hfst-project
configure:5980: checking for hfst-prune-alphabet
configure:5998: found /usr/local/bin/hfst-prune-alphabet
configure:6011: result: /usr/local/bin/hfst-prune-alphabet
configure:6021: checking for hfst-push-weights
configure:6039: found /usr/local/bin/hfst-push-weights
configure:6052: result: /usr/local/bin/hfst-push-weights
configure:6062: checking for hfst-regexp2fst
configure:6080: found /usr/local/bin/hfst-regexp2fst
configure:6093: result: /usr/local/bin/hfst-regexp2fst
configure:6103: checking for hfst-remove-epsilons
configure:6121: found /usr/local/bin/hfst-remove-epsilons
configure:6134: result: /usr/local/bin/hfst-remove-epsilons
configure:6144: checking for hfst-repeat
configure:6162: found /usr/local/bin/hfst-repeat
configure:6175: result: /usr/local/bin/hfst-repeat
configure:6185: checking for hfst-reverse
configure:6203: found /usr/local/bin/hfst-reverse
configure:6216: result: /usr/local/bin/hfst-reverse
configure:6226: checking for hfst-reweight
configure:6244: found /usr/local/bin/hfst-reweight
configure:6257: result: /usr/local/bin/hfst-reweight
configure:6267: checking for hfst-split
configure:6285: found /usr/local/bin/hfst-split
configure:6298: result: /usr/local/bin/hfst-split
configure:6308: checking for hfst-strings2fst
configure:6326: found /usr/local/bin/hfst-strings2fst
configure:6339: result: /usr/local/bin/hfst-strings2fst
configure:6349: checking for hfst-substitute
configure:6367: found /usr/local/bin/hfst-substitute
configure:6380: result: /usr/local/bin/hfst-substitute
configure:6390: checking for hfst-subtract
configure:6408: found /usr/local/bin/hfst-subtract
configure:6421: result: /usr/local/bin/hfst-subtract
configure:6431: checking for hfst-summarize
configure:6449: found /usr/local/bin/hfst-summarize
configure:6462: result: /usr/local/bin/hfst-summarize
configure:6472: checking for hfst-tokenize
configure:6490: found /usr/local/bin/hfst-tokenize
configure:6503: result: /usr/local/bin/hfst-tokenize
configure:6513: checking for hfst-twolc
configure:6531: found /usr/local/bin/hfst-twolc
configure:6544: result: /usr/local/bin/hfst-twolc
configure:6554: checking for hfst-txt2fst
configure:6572: found /usr/local/bin/hfst-txt2fst
configure:6585: result: /usr/local/bin/hfst-txt2fst
configure:6595: checking for hfst-xfst
configure:6613: found /usr/local/bin/hfst-xfst
configure:6626: result: /usr/local/bin/hfst-xfst
configure:6638: checking for hfst-ospell
configure:6656: found /usr/local/bin/hfst-ospell
configure:6669: result: /usr/local/bin/hfst-ospell
configure:6785: checking for voikkospell
configure:6816: result: false
configure:6826: checking for voikkohyphenate
configure:6857: result: false
configure:6867: checking for voikkogc
configure:6898: result: false
configure:6908: checking for voikkovfstc
configure:6939: result: false
configure:6947: checking whether to enable voikko building
configure:6963: result: no
configure:6986: checking for vislcg3
configure:7004: found /usr/local/bin/vislcg3
configure:7017: result: /usr/local/bin/vislcg3
configure:7027: checking for cg-comp
configure:7045: found /usr/local/bin/cg-comp
configure:7058: result: /usr/local/bin/cg-comp
configure:7068: checking for cg-relabel
configure:7086: found /usr/local/bin/cg-relabel
configure:7099: result: /usr/local/bin/cg-relabel
configure:7109: checking for cg-mwesplit
configure:7127: found /usr/local/bin/cg-mwesplit
configure:7140: result: /usr/local/bin/cg-mwesplit
configure:7152: checking whether vislcg3 is at least 1.0.0
configure:7188: result: yes - 1.1.2.12361
configure:7201: checking whether we can enable vislcg3 targets
configure:7204: result: yes
configure:7231: checking for saxonb-xslt
configure:7262: result: false
configure:7272: checking for java
configure:7290: found /usr/bin/java
configure:7303: result: /usr/bin/java
configure:7312: checking for /Users/kazantsevaa/lib/saxon9he.jar
configure:7326: result: no
configure:7333: checking for /Users/kazantsevaa/lib/saxon9.jar
configure:7347: result: no
configure:7353: checking for /opt/local/share/java/saxon9he.jar
configure:7366: result: yes
configure:7427: checking whether the Saxon JAR is at least 8.0
configure:7462: result: yes - 9.5.1.1
configure:7475: checking whether we can enable xslt2 transformations
configure:7498: result: yes
configure:7525: checking for zip
configure:7543: found /usr/bin/zip
configure:7556: result: /usr/bin/zip
configure:7566: checking for gzip
configure:7584: found /usr/bin/gzip
configure:7597: result: /usr/bin/gzip
configure:7609: checking for tar
configure:7627: found /usr/bin/tar
configure:7639: result: /usr/bin/tar
configure:7653: checking for patgen
configure:7671: found /opt/local/bin/patgen
configure:7684: result: /opt/local/bin/patgen
configure:7694: checking for perl
configure:7712: found /opt/local/bin/perl
configure:7725: result: /opt/local/bin/perl
configure:7735: checking for xz
configure:7753: found /opt/local/bin/xz
configure:7766: result: /opt/local/bin/xz
configure:8571: checking that generated files are newer than configure
configure:8577: result: done
configure:8789: creating ./config.status

## ---------------------- ##
## Running config.status. ##
## ---------------------- ##

This file was extended by Giella moh config.status 0.1, which was
generated by GNU Autoconf 2.69.  Invocation command line was

  CONFIG_FILES    = 
  CONFIG_HEADERS  = 
  CONFIG_LINKS    = 
  CONFIG_COMMANDS = 
  $ ./config.status 

on VicAdmins-MacBook-Pro.local

config.status:1034: creating Makefile
config.status:1034: creating giella-moh.pc
config.status:1034: creating src/Makefile
config.status:1034: creating src/filters/Makefile
config.status:1034: creating src/hyphenation/Makefile
config.status:1034: creating src/morphology/Makefile
config.status:1034: creating src/orthography/Makefile
config.status:1034: creating src/orthography/downcase-derived_proper-strings.xfscript
config.status:1034: creating src/phonetics/Makefile
config.status:1034: creating src/phonology/Makefile
config.status:1034: creating src/syntax/Makefile
config.status:1034: creating src/tagsets/Makefile
config.status:1034: creating src/transcriptions/Makefile
config.status:1034: creating doc/Makefile
config.status:1034: creating test/Makefile
config.status:1034: creating test/tools/Makefile
config.status:1034: creating test/tools/mt/Makefile
config.status:1034: creating test/tools/mt/apertium/Makefile
config.status:1034: creating test/tools/spellcheckers/Makefile
config.status:1034: creating test/tools/spellcheckers/fstbased/Makefile
config.status:1034: creating test/tools/spellcheckers/fstbased/desktop/Makefile
config.status:1034: creating test/tools/spellcheckers/fstbased/desktop/hfst/Makefile
config.status:1034: creating test/tools/spellcheckers/fstbased/mobile/Makefile
config.status:1034: creating test/src/Makefile
config.status:1034: creating test/src/morphology/Makefile
config.status:1034: creating test/src/orthography/Makefile
config.status:1034: creating test/src/phonology/Makefile
config.status:1034: creating test/src/syntax/Makefile
config.status:1034: creating tools/Makefile
config.status:1034: creating tools/grammarcheckers/Makefile
config.status:1034: creating tools/grammarcheckers/pipespec.xml
config.status:1034: creating tools/grammarcheckers/filters/Makefile
config.status:1034: creating tools/hyphenators/Makefile
config.status:1034: creating tools/hyphenators/fstbased/Makefile
config.status:1034: creating tools/hyphenators/patternbased/Makefile
config.status:1034: creating tools/mt/Makefile
config.status:1034: creating tools/mt/apertium/Makefile
config.status:1034: creating tools/mt/apertium/filters/Makefile
config.status:1034: creating tools/mt/apertium/tagsets/Makefile
config.status:1034: creating tools/tokenisers/Makefile
config.status:1034: creating tools/tokenisers/filters/Makefile
config.status:1034: creating tools/shellscripts/Makefile
config.status:1034: creating tools/spellcheckers/Makefile
config.status:1034: creating tools/spellcheckers/filters/Makefile
config.status:1034: creating tools/spellcheckers/fstbased/Makefile
config.status:1034: creating tools/spellcheckers/fstbased/filters/Makefile
config.status:1034: creating tools/spellcheckers/fstbased/desktop/Makefile
config.status:1034: creating tools/spellcheckers/fstbased/desktop/filters/Makefile
config.status:1034: creating tools/spellcheckers/fstbased/desktop/weighting/Makefile
config.status:1034: creating tools/spellcheckers/fstbased/desktop/foma/Makefile
config.status:1034: creating tools/spellcheckers/fstbased/desktop/hfst/Makefile
config.status:1034: creating tools/spellcheckers/fstbased/mobile/Makefile
config.status:1034: creating tools/spellcheckers/fstbased/mobile/weighting/Makefile
config.status:1034: creating tools/spellcheckers/fstbased/mobile/hfst/Makefile
config.status:1034: creating tools/spellcheckers/fstbased/mobile/vfst/Makefile
config.status:1034: creating tools/spellcheckers/listbased/Makefile
config.status:1034: creating tools/spellcheckers/listbased/filters/Makefile
config.status:1034: creating test/tools/spellcheckers/test-zhfst-file.sh
config.status:1034: creating test/tools/spellcheckers/fstbased/desktop/hfst/test-zhfst-basic-sugg-speed.sh
config.status:1034: creating test/run-yaml-testcases.sh
config.status:1034: creating test/run-morph-tester.sh
config.status:1034: creating test/src/phonology/pair-test-positive.sh
config.status:1034: creating test/src/phonology/pair-test-negative.sh
config.status:1034: creating test/src/phonology/pair-test-hfst.sh
config.status:1034: creating test/src/morphology/generate-adjective-lemmas.sh
config.status:1034: creating test/src/morphology/generate-noun-lemmas.sh
config.status:1034: creating test/src/morphology/generate-propernoun-lemmas.sh
config.status:1034: creating test/src/morphology/generate-verb-lemmas.sh
config.status:1034: creating test/tools/spellcheckers/fstbased/desktop/hfst/accept-all-lemmas.sh
config.status:1034: creating tools/shellscripts/umoh-gt.sh
config.status:1034: creating devtools/check_analysis_regressions.sh
config.status:1034: creating devtools/test_ospell-office_suggestions.sh
config.status:1034: creating devtools/test_voikkospell_suggestions.sh
configure:9984: WARNING: Could not find gawk, java or forrest. In-source documentation will not be extracted and validated. Please install the required tools.

## ---------------- ##
## Cache variables. ##
## ---------------- ##

ac_cv_build=x86_64-apple-darwin16.7.0
ac_cv_env_GIELLA_CORE_set=set
ac_cv_env_GIELLA_CORE_value=/Users/kazantsevaa/Software/giella/giella-core
ac_cv_env_GIELLA_LIBS_set=
ac_cv_env_GIELLA_LIBS_value=
ac_cv_env_GIELLA_MAINTAINER_set=
ac_cv_env_GIELLA_MAINTAINER_value=
ac_cv_env_GIELLA_SHARED_set=
ac_cv_env_GIELLA_SHARED_value=
ac_cv_env_GIELLA_TEMPLATES_set=
ac_cv_env_GIELLA_TEMPLATES_value=
ac_cv_env_GTCORE_set=set
ac_cv_env_GTCORE_value=/Users/kazantsevaa/Software/giella/giella-core
ac_cv_env_PYTHON_set=
ac_cv_env_PYTHON_value=
ac_cv_env_build_alias_set=
ac_cv_env_build_alias_value=
ac_cv_env_host_alias_set=
ac_cv_env_host_alias_value=
ac_cv_env_target_alias_set=
ac_cv_env_target_alias_value=
ac_cv_file__Users_kazantsevaa_lib_saxon9_jar=no
ac_cv_file__Users_kazantsevaa_lib_saxon9he_jar=no
ac_cv_file__opt_local_share_java_saxon9he_jar=yes
ac_cv_host=x86_64-apple-darwin16.7.0
ac_cv_path_BC=/usr/bin/bc
ac_cv_path_CGFLOOKUP=/usr/local/bin/cgflookup
ac_cv_path_CG_MWESPLIT=/usr/local/bin/cg-mwesplit
ac_cv_path_CG_RELABEL=/usr/local/bin/cg-relabel
ac_cv_path_DIFFTOOL=/usr/bin/opendiff
ac_cv_path_DIVVUN_VALIDATE_SUGGEST=no
ac_cv_path_FLOOKUP=/usr/local/bin/flookup
ac_cv_path_FOMA=/usr/local/bin/foma
ac_cv_path_GAWK=/opt/local/bin/gawk
ac_cv_path_GIELLA_CORE_VERSION=/Users/kazantsevaa/Software/giella/giella-core/scripts/gt-version.sh
ac_cv_path_GTCORESH=/Users/kazantsevaa/Software/giella/giella-core/scripts/gt-core.sh
ac_cv_path_GZIP=/usr/bin/gzip
ac_cv_path_HFST_COMPOSE=/usr/local/bin/hfst-compose
ac_cv_path_HFST_COMPOSE_INTERSECT=/usr/local/bin/hfst-compose-intersect
ac_cv_path_HFST_CONCATENATE=/usr/local/bin/hfst-concatenate
ac_cv_path_HFST_CONJUNCT=/usr/local/bin/hfst-conjunct
ac_cv_path_HFST_DETERMINIZE=/usr/local/bin/hfst-determinize
ac_cv_path_HFST_DISJUNCT=/usr/local/bin/hfst-disjunct
ac_cv_path_HFST_FOMA=false
ac_cv_path_HFST_FST2FST=/usr/local/bin/hfst-fst2fst
ac_cv_path_HFST_FST2STRINGS=/usr/local/bin/hfst-fst2strings
ac_cv_path_HFST_FST2TXT=/usr/local/bin/hfst-fst2txt
ac_cv_path_HFST_INFO=/usr/local/bin/hfst-info
ac_cv_path_HFST_INTERSECT=/usr/local/bin/hfst-intersect
ac_cv_path_HFST_INVERT=/usr/local/bin/hfst-invert
ac_cv_path_HFST_LEXC=/usr/local/bin/hfst-lexc
ac_cv_path_HFST_LOOKUP=/usr/local/bin/hfst-lookup
ac_cv_path_HFST_MINIMIZE=/usr/local/bin/hfst-minimize
ac_cv_path_HFST_MINUS=/usr/local/bin/hfst-minus
ac_cv_path_HFST_MULTIPLY=/usr/local/bin/hfst-multiply
ac_cv_path_HFST_NAME=/usr/local/bin/hfst-name
ac_cv_path_HFST_OPTIMIZED_LOOKUP=/usr/local/bin/hfst-optimized-lookup
ac_cv_path_HFST_OSPELL=/usr/local/bin/hfst-ospell
ac_cv_path_HFST_PAIR_TEST=/usr/local/bin/hfst-pair-test
ac_cv_path_HFST_PMATCH2FST=/usr/local/bin/hfst-pmatch2fst
ac_cv_path_HFST_PROC=/usr/local/bin/hfst-proc
ac_cv_path_HFST_PROJECT=/usr/local/bin/hfst-project
ac_cv_path_HFST_PRUNE_ALPHABET=/usr/local/bin/hfst-prune-alphabet
ac_cv_path_HFST_PUSH_WEIGHTS=/usr/local/bin/hfst-push-weights
ac_cv_path_HFST_REGEXP2FST=/usr/local/bin/hfst-regexp2fst
ac_cv_path_HFST_REMOVE_EPSILONS=/usr/local/bin/hfst-remove-epsilons
ac_cv_path_HFST_REPEAT=/usr/local/bin/hfst-repeat
ac_cv_path_HFST_REVERSE=/usr/local/bin/hfst-reverse
ac_cv_path_HFST_REWEIGHT=/usr/local/bin/hfst-reweight
ac_cv_path_HFST_SPLIT=/usr/local/bin/hfst-split
ac_cv_path_HFST_STRINGS2FST=/usr/local/bin/hfst-strings2fst
ac_cv_path_HFST_SUBSTITUTE=/usr/local/bin/hfst-substitute
ac_cv_path_HFST_SUBTRACT=/usr/local/bin/hfst-subtract
ac_cv_path_HFST_SUMMARIZE=/usr/local/bin/hfst-summarize
ac_cv_path_HFST_TOKENISE=/usr/local/bin/hfst-tokenize
ac_cv_path_HFST_TWOLC=/usr/local/bin/hfst-twolc
ac_cv_path_HFST_TXT2FST=/usr/local/bin/hfst-txt2fst
ac_cv_path_HFST_XFST=/usr/local/bin/hfst-xfst
ac_cv_path_JV=/usr/bin/java
ac_cv_path_LEXC=/Users/kazantsevaa/Software/xfst/bin/lexc
ac_cv_path_LOOKUP=/Users/kazantsevaa/Software/xfst/bin/lookup
ac_cv_path_PATGEN=/opt/local/bin/patgen
ac_cv_path_PERL=/opt/local/bin/perl
ac_cv_path_PRINTF=/usr/bin/printf
ac_cv_path_PYTHON=/opt/local/bin/python3
ac_cv_path_RSYNC=/usr/bin/rsync
ac_cv_path_SAXON=false
ac_cv_path_TAR=/usr/bin/tar
ac_cv_path_TWOLC=/Users/kazantsevaa/Software/xfst/bin/twolc
ac_cv_path_VISLCG3=/usr/local/bin/vislcg3
ac_cv_path_VISLCG3_COMP=/usr/local/bin/cg-comp
ac_cv_path_VOIKKOGC=false
ac_cv_path_VOIKKOHYPHENATE=false
ac_cv_path_VOIKKOSPELL=false
ac_cv_path_VOIKKOVFSTC=false
ac_cv_path_WGET=/opt/local/bin/wget
ac_cv_path_XFST=/Users/kazantsevaa/Software/xfst/bin/xfst
ac_cv_path_XZ=/opt/local/bin/xz
ac_cv_path_ZIP=/usr/bin/zip
ac_cv_path_install='/usr/bin/install -c'
ac_cv_prog_AWK=gawk
ac_cv_prog_make_make_set=yes
am_cv_make_support_nested_variables=yes
am_cv_pathless_PYTHON=python3
am_cv_prog_tar_pax=gnutar
am_cv_python_platform=darwin
am_cv_python_pyexecdir='${exec_prefix}/lib/python3.5/site-packages'
am_cv_python_pythondir='${prefix}/lib/python3.5/site-packages'
am_cv_python_version=3.5

## ----------------- ##
## Output variables. ##
## ----------------- ##

ACLOCAL='${SHELL} /Users/kazantsevaa/Software/giella/startup-langs/moh/build-aux/missing aclocal-1.15'
ALT_ORTHS=''
ALT_WSS=''
AMTAR='$${TAR-tar}'
AM_BACKSLASH='\'
AM_DEFAULT_V='$(AM_DEFAULT_VERBOSITY)'
AM_DEFAULT_VERBOSITY='0'
AM_V='$(V)'
AREAS=''
AUTOCONF='${SHELL} /Users/kazantsevaa/Software/giella/startup-langs/moh/build-aux/missing autoconf'
AUTOHEADER='${SHELL} /Users/kazantsevaa/Software/giella/startup-langs/moh/build-aux/missing autoheader'
AUTOMAKE='${SHELL} /Users/kazantsevaa/Software/giella/startup-langs/moh/build-aux/missing automake-1.15'
AWK='gawk'
BC='/usr/bin/bc'
CAN_DOCC_FALSE=''
CAN_DOCC_TRUE='#'
CAN_FOMA_FALSE='#'
CAN_FOMA_SPELLER_FALSE=''
CAN_FOMA_SPELLER_TRUE='#'
CAN_FOMA_TRUE=''
CAN_HFST_FALSE=''
CAN_HFST_TRUE='#'
CAN_JAVA_FALSE='#'
CAN_JAVA_TRUE=''
CAN_LOCALSYNC_FALSE='#'
CAN_LOCALSYNC_TRUE=''
CAN_MERGE_FALSE='#'
CAN_MERGE_TRUE=''
CAN_REMOTE_SYNC_FALSE='#'
CAN_REMOTE_SYNC_TRUE=''
CAN_SAXON_FALSE=''
CAN_SAXON_TRUE='#'
CAN_VFST_FALSE=''
CAN_VFST_TRUE='#'
CAN_VISLCG_FALSE='#'
CAN_VISLCG_TRUE=''
CAN_XFST_FALSE=''
CAN_XFST_TRUE='#'
CAN_XZ_FALSE='#'
CAN_XZ_TRUE=''
CAN_YAML_TEST_FALSE='#'
CAN_YAML_TEST_TRUE=''
CGFLOOKUP='/usr/local/bin/cgflookup'
CG_MWESPLIT='/usr/local/bin/cg-mwesplit'
CG_RELABEL='/usr/local/bin/cg-relabel'
CYGPATH_W='echo'
CYGWINJAVAPATH='echo'
DEFAULT_ORTH=''
DEFAULT_WS='Latn'
DEFS='-DPACKAGE_NAME=\"Giella\ moh\" -DPACKAGE_TARNAME=\"giella-moh\" -DPACKAGE_VERSION=\"0.1\" -DPACKAGE_STRING=\"Giella\ moh\ 0.1\" -DPACKAGE_BUGREPORT=\"feedback@divvun.no\" -DPACKAGE_URL=\"http://divvun.no\" -DPACKAGE=\"giella-moh\" -DVERSION=\"0.1\"'
DIALECTS=''
DIFFTOOL='/usr/bin/opendiff'
DIVVUN_VALIDATE_SUGGEST='no'
ECHO_C='\c'
ECHO_N=''
ECHO_T=''
FLOOKUP='/usr/local/bin/flookup'
FOMA='/usr/local/bin/foma'
FORREST=''
GAWK='/opt/local/bin/gawk'
GIELLA_CORE='/Users/kazantsevaa/Software/giella/giella-core'
GIELLA_CORE_VERSION='/Users/kazantsevaa/Software/giella/giella-core/scripts/gt-version.sh'
GIELLA_LIBS='/Users/kazantsevaa/Software/giella/giella-libs'
GIELLA_MAINTAINER=''
GIELLA_SHARED='/Users/kazantsevaa/Software/giella/giella-shared'
GIELLA_TEMPLATES=''
GLANG2='moh'
GLANG='moh'
GLANGUAGE='Mohawk'
GTCORE='/Users/kazantsevaa/Software/giella/giella-core'
GTCORESH='/Users/kazantsevaa/Software/giella/giella-core/scripts/gt-core.sh'
GTLANG2='moh'
GTLANG='moh'
GTLANGUAGE='Mohawk'
GZIP='/usr/bin/gzip'
HAS_FOMA_FALSE='#'
HAS_FOMA_TRUE=''
HAVE_ALT_ORTHS_FALSE=''
HAVE_ALT_ORTHS_TRUE='#'
HAVE_ALT_WSS_FALSE=''
HAVE_ALT_WSS_TRUE='#'
HAVE_AREAS_FALSE=''
HAVE_AREAS_TRUE='#'
HAVE_DIALECTS_FALSE=''
HAVE_DIALECTS_TRUE='#'
HFST_COMPOSE='/usr/local/bin/hfst-compose'
HFST_COMPOSE_INTERSECT='/usr/local/bin/hfst-compose-intersect'
HFST_CONCATENATE='/usr/local/bin/hfst-concatenate'
HFST_CONJUNCT='/usr/local/bin/hfst-conjunct'
HFST_DETERMINIZE='/usr/local/bin/hfst-determinize'
HFST_DISJUNCT='/usr/local/bin/hfst-disjunct'
HFST_FOMA='false'
HFST_FST2FST='/usr/local/bin/hfst-fst2fst'
HFST_FST2STRINGS='/usr/local/bin/hfst-fst2strings'
HFST_FST2TXT='/usr/local/bin/hfst-fst2txt'
HFST_INFO='/usr/local/bin/hfst-info'
HFST_INTERSECT='/usr/local/bin/hfst-intersect'
HFST_INVERT='/usr/local/bin/hfst-invert'
HFST_LEXC='/usr/local/bin/hfst-lexc'
HFST_LOOKUP='/usr/local/bin/hfst-lookup'
HFST_MINIMIZE='/usr/local/bin/hfst-minimize'
HFST_MINIMIZE_SPELLER='/usr/local/bin/hfst-remove-epsilons $(HFST_FLAGS)                                          | /usr/local/bin/hfst-push-weights -p initial $(HFST_FLAGS)                                          | /usr/local/bin/hfst-determinize --encode-weights $(HFST_FLAGS)                                          | /usr/local/bin/hfst-minimize    --encode-weights '
HFST_MINUS='/usr/local/bin/hfst-minus'
HFST_MULTIPLY='/usr/local/bin/hfst-multiply'
HFST_NAME='/usr/local/bin/hfst-name'
HFST_OPTIMIZED_LOOKUP='/usr/local/bin/hfst-optimized-lookup'
HFST_OSPELL='/usr/local/bin/hfst-ospell'
HFST_PAIR_TEST='/usr/local/bin/hfst-pair-test'
HFST_PMATCH2FST='/usr/local/bin/hfst-pmatch2fst'
HFST_PROC='/usr/local/bin/hfst-proc'
HFST_PROJECT='/usr/local/bin/hfst-project'
HFST_PRUNE_ALPHABET='/usr/local/bin/hfst-prune-alphabet'
HFST_PUSH_WEIGHTS='/usr/local/bin/hfst-push-weights'
HFST_REGEXP2FST='/usr/local/bin/hfst-regexp2fst'
HFST_REMOVE_EPSILONS='/usr/local/bin/hfst-remove-epsilons'
HFST_REPEAT='/usr/local/bin/hfst-repeat'
HFST_REVERSE='/usr/local/bin/hfst-reverse'
HFST_REWEIGHT='/usr/local/bin/hfst-reweight'
HFST_SPLIT='/usr/local/bin/hfst-split'
HFST_STRINGS2FST='/usr/local/bin/hfst-strings2fst'
HFST_SUBSTITUTE='/usr/local/bin/hfst-substitute'
HFST_SUBTRACT='/usr/local/bin/hfst-subtract'
HFST_SUMMARIZE='/usr/local/bin/hfst-summarize'
HFST_TOKENISE='/usr/local/bin/hfst-tokenize'
HFST_TWOLC='/usr/local/bin/hfst-twolc'
HFST_TXT2FST='/usr/local/bin/hfst-txt2fst'
HFST_XFST='/usr/local/bin/hfst-xfst'
INSTALL_DATA='${INSTALL} -m 644'
INSTALL_PROGRAM='${INSTALL}'
INSTALL_SCRIPT='${INSTALL}'
INSTALL_STRIP_PROGRAM='$(install_sh) -c -s'
JV='/usr/bin/java'
LEXC='/Users/kazantsevaa/Software/xfst/bin/lexc'
LIBOBJS=''
LIBS=''
LOOKUP='/Users/kazantsevaa/Software/xfst/bin/lookup'
LTLIBOBJS=''
MAKEINFO='${SHELL} /Users/kazantsevaa/Software/giella/startup-langs/moh/build-aux/missing makeinfo'
MKDIR_P='build-aux/install-sh -c -d'
PACKAGE='giella-moh'
PACKAGE_BUGREPORT='feedback@divvun.no'
PACKAGE_NAME='Giella moh'
PACKAGE_STRING='Giella moh 0.1'
PACKAGE_TARNAME='giella-moh'
PACKAGE_URL='http://divvun.no'
PACKAGE_VERSION='0.1'
PATGEN='/opt/local/bin/patgen'
PATH_SEPARATOR=':'
PERL='/opt/local/bin/perl'
PRINTF='/usr/bin/printf'
PYTHON='/opt/local/bin/python3'
PYTHON_EXEC_PREFIX='${exec_prefix}'
PYTHON_PLATFORM='darwin'
PYTHON_PREFIX='${prefix}'
PYTHON_VERSION='3.5'
RSYNC='/usr/bin/rsync'
SAXON='false'
SAXONJAR='/opt/local/share/java/saxon9he.jar'
SEE=''
SET_MAKE=''
SHELL='/bin/sh'
SPELLERVERSION='0.1'
STRIP=''
TAR='/usr/bin/tar'
TWOLC='/Users/kazantsevaa/Software/xfst/bin/twolc'
VERSION='0.1'
VISLCG3='/usr/local/bin/vislcg3'
VISLCG3_COMP='/usr/local/bin/cg-comp'
VOIKKOGC='false'
VOIKKOHYPHENATE='false'
VOIKKOSPELL='false'
VOIKKOVFSTC='false'
WANT_ABBR_FALSE=''
WANT_ABBR_TRUE='#'
WANT_APERTIUM_FALSE=''
WANT_APERTIUM_TRUE='#'
WANT_DIALECTS_FALSE=''
WANT_DIALECTS_TRUE='#'
WANT_DICTIONARIES_FALSE=''
WANT_DICTIONARIES_TRUE='#'
WANT_DOWNCASEERROR_FALSE=''
WANT_DOWNCASEERROR_TRUE='#'
WANT_FST_HYPHENATOR_FALSE=''
WANT_FST_HYPHENATOR_TRUE='#'
WANT_GENERATION_FALSE='#'
WANT_GENERATION_TRUE=''
WANT_GLOSSERS_FALSE=''
WANT_GLOSSERS_TRUE='#'
WANT_GRAMCHECK_FALSE=''
WANT_GRAMCHECK_TRUE='#'
WANT_HFST_DESKTOP_SPELLER_FALSE=''
WANT_HFST_DESKTOP_SPELLER_TRUE='#'
WANT_HFST_MOBILE_SPELLER_FALSE=''
WANT_HFST_MOBILE_SPELLER_TRUE='#'
WANT_HUNSPELL_FALSE=''
WANT_HUNSPELL_TRUE='#'
WANT_HYPERMINIMISATION_FALSE=''
WANT_HYPERMINIMISATION_TRUE='#'
WANT_L2_FALSE=''
WANT_L2_TRUE='#'
WANT_LEXC_ALIGNMENT_FALSE='#'
WANT_LEXC_ALIGNMENT_TRUE=''
WANT_MAINTAIN_FALSE=''
WANT_MAINTAIN_TRUE='#'
WANT_MORPHER_FALSE=''
WANT_MORPHER_TRUE='#'
WANT_MORPHOLOGY_FALSE='#'
WANT_MORPHOLOGY_TRUE=''
WANT_OAHPA_FALSE=''
WANT_OAHPA_TRUE='#'
WANT_PATTERN_HYPHENATORS_FALSE=''
WANT_PATTERN_HYPHENATORS_TRUE='#'
WANT_PHONETIC_FALSE=''
WANT_PHONETIC_TRUE='#'
WANT_REVERSED_INTERSECT_FALSE=''
WANT_REVERSED_INTERSECT_TRUE='#'
WANT_SPELLERS_FALSE=''
WANT_SPELLERS_TRUE='#'
WANT_SYNTAX_FALSE='#'
WANT_SYNTAX_TRUE=''
WANT_TOKENISERS_FALSE=''
WANT_TOKENISERS_TRUE='#'
WANT_TRANSCRIPTORS_FALSE='#'
WANT_TRANSCRIPTORS_TRUE=''
WANT_TWOSTEP_INTERSECT_FALSE=''
WANT_TWOSTEP_INTERSECT_TRUE='#'
WANT_VFST_SPELLER_FALSE=''
WANT_VFST_SPELLER_TRUE='#'
WGET='/opt/local/bin/wget'
WITH_FOMA_FALSE=''
WITH_FOMA_TRUE='#'
WITH_OFST_LOG_FALSE=''
WITH_OFST_LOG_TRUE='#'
WITH_OFST_TROPICAL_FALSE='#'
WITH_OFST_TROPICAL_TRUE=''
WITH_SFST_FALSE=''
WITH_SFST_TRUE='#'
XFST='/Users/kazantsevaa/Software/xfst/bin/xfst'
XZ='/opt/local/bin/xz'
ZIP='/usr/bin/zip'
am__isrc=''
am__leading_dot='.'
am__tar='tar --format=posix -chf - "$$tardir"'
am__untar='tar -xf -'
bindir='${exec_prefix}/bin'
build='x86_64-apple-darwin16.7.0'
build_alias=''
build_cpu='x86_64'
build_os='darwin16.7.0'
build_vendor='apple'
datadir='${datarootdir}'
datarootdir='${prefix}/share'
docdir='${datarootdir}/doc/${PACKAGE_TARNAME}'
dvidir='${docdir}'
exec_prefix='${prefix}'
host='x86_64-apple-darwin16.7.0'
host_alias=''
host_cpu='x86_64'
host_os='darwin16.7.0'
host_vendor='apple'
htmldir='${docdir}'
ifGNUmake=''
includedir='${prefix}/include'
infodir='${datarootdir}/info'
install_sh='${SHELL} /Users/kazantsevaa/Software/giella/startup-langs/moh/build-aux/install-sh'
libdir='${exec_prefix}/lib'
libexecdir='${exec_prefix}/libexec'
localedir='${datarootdir}/locale'
localstatedir='${prefix}/var'
mandir='${datarootdir}/man'
mkdir_p='$(MKDIR_P)'
oldincludedir='/usr/include'
pdfdir='${docdir}'
pkgpyexecdir='${pyexecdir}/giella-moh'
pkgpythondir='${pythondir}/giella-moh'
prefix='/usr/local'
program_transform_name='s,x,x,'
psdir='${docdir}'
pyexecdir='${exec_prefix}/lib/python3.5/site-packages'
pythondir='${prefix}/lib/python3.5/site-packages'
sbindir='${exec_prefix}/sbin'
sharedstatedir='${prefix}/com'
sysconfdir='${prefix}/etc'
target_alias=''

## ----------- ##
## confdefs.h. ##
## ----------- ##

/* confdefs.h */
#define PACKAGE_NAME "Giella moh"
#define PACKAGE_TARNAME "giella-moh"
#define PACKAGE_VERSION "0.1"
#define PACKAGE_STRING "Giella moh 0.1"
#define PACKAGE_BUGREPORT "feedback@divvun.no"
#define PACKAGE_URL "http://divvun.no"
#define PACKAGE "giella-moh"
#define VERSION "0.1"

configure: exit 0

## ---------------------- ##
## Running config.status. ##
## ---------------------- ##

This file was extended by Giella moh config.status 0.1, which was
generated by GNU Autoconf 2.69.  Invocation command line was

  CONFIG_FILES    = 
  CONFIG_HEADERS  = 
  CONFIG_LINKS    = 
  CONFIG_COMMANDS = 
  $ ./config.status src/morphology/Makefile

on VicAdmins-MacBook-Pro.local

config.status:1034: creating src/morphology/Makefile
